2019-03-14 13:58:22.8705|1|ERROR|Microsoft.AspNetCore.Diagnostics.DeveloperExceptionPageMiddleware|An unhandled exception has occurred while executing the request. System.NotSupportedException: Ambiguous HTTP method for action - MyGames.Api.Controllers.GamesController.GetGames (MyGames.Api). Actions require an explicit HttpMethod binding for Swagger 2.0
   at Swashbuckle.AspNetCore.SwaggerGen.SwaggerGenerator.GenerateOperations(IEnumerable`1 apiDescriptions, ISchemaRegistry schemaRegistry)
   at Swashbuckle.AspNetCore.SwaggerGen.SwaggerGenerator.GeneratePaths(IEnumerable`1 apiDescriptions, ISchemaRegistry schemaRegistry)
   at Swashbuckle.AspNetCore.SwaggerGen.SwaggerGenerator.GetSwagger(String documentName, String host, String basePath)
   at Swashbuckle.AspNetCore.Swagger.SwaggerMiddleware.Invoke(HttpContext httpContext, ISwaggerProvider swaggerProvider)
   at Microsoft.AspNetCore.Builder.Extensions.MapWhenMiddleware.Invoke(HttpContext context)
   at Microsoft.AspNetCore.Diagnostics.DeveloperExceptionPageMiddleware.Invoke(HttpContext context)|url: https://localhost/swagger/v1/swagger.json|action: 
2019-03-14 14:34:14.9792|1|ERROR|Microsoft.AspNetCore.Diagnostics.DeveloperExceptionPageMiddleware|An unhandled exception has occurred while executing the request. System.NotSupportedException: Ambiguous HTTP method for action - MyGames.Api.Controllers.GamesController.GetGames (MyGames.Api). Actions require an explicit HttpMethod binding for Swagger 2.0
   at Swashbuckle.AspNetCore.SwaggerGen.SwaggerGenerator.GenerateOperations(IEnumerable`1 apiDescriptions, ISchemaRegistry schemaRegistry)
   at Swashbuckle.AspNetCore.SwaggerGen.SwaggerGenerator.GeneratePaths(IEnumerable`1 apiDescriptions, ISchemaRegistry schemaRegistry)
   at Swashbuckle.AspNetCore.SwaggerGen.SwaggerGenerator.GetSwagger(String documentName, String host, String basePath)
   at Swashbuckle.AspNetCore.Swagger.SwaggerMiddleware.Invoke(HttpContext httpContext, ISwaggerProvider swaggerProvider)
   at Microsoft.AspNetCore.Builder.Extensions.MapWhenMiddleware.Invoke(HttpContext context)
   at Microsoft.AspNetCore.Diagnostics.DeveloperExceptionPageMiddleware.Invoke(HttpContext context)|url: https://localhost/swagger/v1/swagger.json|action: 
2019-03-14 14:38:48.5882|20500|WARN|Microsoft.EntityFrameworkCore.Query|The LINQ expression 'where ([g].Genre.ToLowerInvariant() == __genreWhereClause_0)' could not be translated and will be evaluated locally. |url: https://localhost/api/games|action: GetGames
2019-03-14 14:38:48.6014|20500|WARN|Microsoft.EntityFrameworkCore.Query|The LINQ expression 'Take(__p_1)' could not be translated and will be evaluated locally. |url: https://localhost/api/games|action: GetGames
2019-03-14 14:39:46.6368|20500|WARN|Microsoft.EntityFrameworkCore.Query|The LINQ expression 'where ([g].Genre.ToLowerInvariant() == __genreWhereClause_0)' could not be translated and will be evaluated locally. |url: https://localhost/api/games|action: GetGames
2019-03-14 14:39:46.6368|20500|WARN|Microsoft.EntityFrameworkCore.Query|The LINQ expression 'where ([g].Platform.ToLower() == __platformWhereClause_1)' could not be translated and will be evaluated locally. |url: https://localhost/api/games|action: GetGames
2019-03-14 14:39:46.6368|20500|WARN|Microsoft.EntityFrameworkCore.Query|The LINQ expression 'Take(__p_2)' could not be translated and will be evaluated locally. |url: https://localhost/api/games|action: GetGames
2019-03-14 14:50:37.7542|20500|WARN|Microsoft.EntityFrameworkCore.Query|The LINQ expression 'where ([g].Genre.ToLowerInvariant() == __genreWhereClause_0)' could not be translated and will be evaluated locally. |url: https://localhost/api/games/random|action: GetRandomGame
2019-03-14 14:50:37.7626|20500|WARN|Microsoft.EntityFrameworkCore.Query|The LINQ expression 'Count()' could not be translated and will be evaluated locally. |url: https://localhost/api/games/random|action: GetRandomGame
2019-03-14 14:52:53.9463|20500|WARN|Microsoft.EntityFrameworkCore.Query|The LINQ expression 'where ([g].Genre.ToLowerInvariant() == __genreWhereClause_0)' could not be translated and will be evaluated locally. |url: https://localhost/api/games/random|action: GetRandomGame
2019-03-14 14:55:50.0551|20500|WARN|Microsoft.EntityFrameworkCore.Query|The LINQ expression 'where ([g].Genre.ToLowerInvariant() == __genreWhereClause_0)' could not be translated and will be evaluated locally. |url: https://localhost/api/games/random|action: GetRandomGame
2019-03-14 15:00:16.3697|20500|WARN|Microsoft.EntityFrameworkCore.Query|The LINQ expression 'where ([g].Genre.ToLowerInvariant() == __genreWhereClause_0)' could not be translated and will be evaluated locally. |url: https://localhost/api/games|action: GetGames
2019-03-14 15:00:16.3823|20500|WARN|Microsoft.EntityFrameworkCore.Query|The LINQ expression 'where ([g].Platform.ToLower() == __platformWhereClause_1)' could not be translated and will be evaluated locally. |url: https://localhost/api/games|action: GetGames
2019-03-14 15:00:16.3823|20500|WARN|Microsoft.EntityFrameworkCore.Query|The LINQ expression 'Take(__p_2)' could not be translated and will be evaluated locally. |url: https://localhost/api/games|action: GetGames
2019-03-14 15:02:45.5207|20500|WARN|Microsoft.EntityFrameworkCore.Query|The LINQ expression 'where ([g].Genre.ToLowerInvariant() == __genreWhereClause_0)' could not be translated and will be evaluated locally. |url: https://localhost/api/games|action: GetGames
2019-03-14 15:02:45.5366|20500|WARN|Microsoft.EntityFrameworkCore.Query|The LINQ expression 'where ([g].Platform.ToLower() == __platformWhereClause_1)' could not be translated and will be evaluated locally. |url: https://localhost/api/games|action: GetGames
2019-03-14 15:02:45.5427|20500|WARN|Microsoft.EntityFrameworkCore.Query|The LINQ expression 'Take(__p_2)' could not be translated and will be evaluated locally. |url: https://localhost/api/games|action: GetGames
