2019-03-14 15:33:57.8325|35|WARN|Microsoft.AspNetCore.DataProtection.KeyManagement.XmlKeyManager|No XML encryptor configured. Key {c599a6be-0cb6-4ba1-b509-82a796f71d16} may be persisted to storage in unencrypted form. 
2019-03-14 15:34:16.0070||ERROR|Microsoft.AspNetCore.Server.Kestrel|Uncaught exception from the OnConnectionAsync method of an IConnectionAdapter. System.Net.Sockets.SocketException (22): Invalid argument
   at Microsoft.AspNetCore.Server.Kestrel.Transport.Sockets.Internal.SocketAwaitableEventArgs.<GetResult>g__ThrowSocketException|7_0(SocketError e)
   at Microsoft.AspNetCore.Server.Kestrel.Transport.Sockets.Internal.SocketAwaitableEventArgs.GetResult()
   at Microsoft.AspNetCore.Server.Kestrel.Transport.Sockets.Internal.SocketConnection.ProcessReceives()
   at Microsoft.AspNetCore.Server.Kestrel.Transport.Sockets.Internal.SocketConnection.DoReceive()
   at System.IO.Pipelines.PipeCompletion.ThrowLatchedException()
   at System.IO.Pipelines.Pipe.GetReadResult(ReadResult& result)
   at System.IO.Pipelines.Pipe.ReadAsync(CancellationToken token)
   at System.IO.Pipelines.Pipe.DefaultPipeReader.ReadAsync(CancellationToken cancellationToken)
   at Microsoft.AspNetCore.Server.Kestrel.Core.Adapter.Internal.RawStream.ReadAsyncInternal(Memory`1 destination)
   at System.Net.FixedSizeReader.ReadPacketAsync(Stream transport, AsyncProtocolRequest request)
   at System.Net.Security.SslState.ThrowIfExceptional()
   at System.Net.Security.SslState.InternalEndProcessAuthentication(LazyAsyncResult lazyResult)
   at System.Net.Security.SslState.EndProcessAuthentication(IAsyncResult result)
   at System.Net.Security.SslStream.EndAuthenticateAsServer(IAsyncResult asyncResult)
   at System.Net.Security.SslStream.<>c.<AuthenticateAsServerAsync>b__51_1(IAsyncResult iar)
   at System.Threading.Tasks.TaskFactory`1.FromAsyncCoreLogic(IAsyncResult iar, Func`2 endFunction, Action`1 endAction, Task`1 promise, Boolean requiresSynchronization)
--- End of stack trace from previous location where exception was thrown ---
   at Microsoft.AspNetCore.Server.Kestrel.Https.Internal.HttpsConnectionAdapter.InnerOnConnectionAsync(ConnectionAdapterContext context)
   at Microsoft.AspNetCore.Server.Kestrel.Core.Internal.HttpConnection.ApplyConnectionAdaptersAsync()
